[debug] [2025-03-21T14:42:14.667Z] ----------------------------------------------------------------------
[debug] [2025-03-21T14:42:14.669Z] Command:       C:\Program Files\nodejs\node.exe D:\GitHub\FolderTestCode\libraryelements\node_modules\firebase-tools\lib\bin\firebase.js deploy
[debug] [2025-03-21T14:42:14.669Z] CLI Version:   13.33.0
[debug] [2025-03-21T14:42:14.669Z] Platform:      win32
[debug] [2025-03-21T14:42:14.670Z] Node Version:  v20.10.0
[debug] [2025-03-21T14:42:14.670Z] Time:          Fri Mar 21 2025 15:42:14 GMT+0100 (heure normale d’Europe centrale)
[debug] [2025-03-21T14:42:14.670Z] ----------------------------------------------------------------------
[debug] 
[debug] [2025-03-21T14:42:14.872Z] > command requires scopes: ["email","openid","https://www.googleapis.com/auth/cloudplatformprojects.readonly","https://www.googleapis.com/auth/firebase","https://www.googleapis.com/auth/cloud-platform"]
[debug] [2025-03-21T14:42:14.873Z] > authorizing via signed-in user (3space.contact@gmail.com)
[debug] [2025-03-21T14:42:14.873Z] [iam] checking project third--space for permissions ["cloudfunctions.functions.create","cloudfunctions.functions.delete","cloudfunctions.functions.get","cloudfunctions.functions.list","cloudfunctions.functions.update","cloudfunctions.operations.get","firebase.projects.get","firebasehosting.sites.update"]
[debug] [2025-03-21T14:42:14.874Z] Checked if tokens are valid: false, expires at: 1742564994200
[debug] [2025-03-21T14:42:14.874Z] Checked if tokens are valid: false, expires at: 1742564994200
[debug] [2025-03-21T14:42:14.874Z] > refreshing access token with scopes: []
[debug] [2025-03-21T14:42:14.876Z] >>> [apiv2][query] POST https://www.googleapis.com/oauth2/v3/token [none]
[debug] [2025-03-21T14:42:14.876Z] >>> [apiv2][body] POST https://www.googleapis.com/oauth2/v3/token [omitted]
[debug] [2025-03-21T14:42:15.003Z] <<< [apiv2][status] POST https://www.googleapis.com/oauth2/v3/token 200
[debug] [2025-03-21T14:42:15.003Z] <<< [apiv2][body] POST https://www.googleapis.com/oauth2/v3/token [omitted]
[debug] [2025-03-21T14:42:15.015Z] >>> [apiv2][query] POST https://cloudresourcemanager.googleapis.com/v1/projects/third--space:testIamPermissions [none]
[debug] [2025-03-21T14:42:15.015Z] >>> [apiv2][(partial)header] POST https://cloudresourcemanager.googleapis.com/v1/projects/third--space:testIamPermissions x-goog-quota-user=projects/third--space
[debug] [2025-03-21T14:42:15.015Z] >>> [apiv2][body] POST https://cloudresourcemanager.googleapis.com/v1/projects/third--space:testIamPermissions {"permissions":["cloudfunctions.functions.create","cloudfunctions.functions.delete","cloudfunctions.functions.get","cloudfunctions.functions.list","cloudfunctions.functions.update","cloudfunctions.operations.get","firebase.projects.get","firebasehosting.sites.update"]}
[debug] [2025-03-21T14:42:15.633Z] <<< [apiv2][status] POST https://cloudresourcemanager.googleapis.com/v1/projects/third--space:testIamPermissions 200
[debug] [2025-03-21T14:42:15.633Z] <<< [apiv2][body] POST https://cloudresourcemanager.googleapis.com/v1/projects/third--space:testIamPermissions {"permissions":["cloudfunctions.functions.create","cloudfunctions.functions.delete","cloudfunctions.functions.get","cloudfunctions.functions.list","cloudfunctions.functions.update","cloudfunctions.operations.get","firebase.projects.get","firebasehosting.sites.update"]}
[debug] [2025-03-21T14:42:15.633Z] Checked if tokens are valid: true, expires at: 1742571734003
[debug] [2025-03-21T14:42:15.633Z] Checked if tokens are valid: true, expires at: 1742571734003
[debug] [2025-03-21T14:42:15.633Z] >>> [apiv2][query] POST https://iam.googleapis.com/v1/projects/third--space/serviceAccounts/third--space@appspot.gserviceaccount.com:testIamPermissions [none]
[debug] [2025-03-21T14:42:15.633Z] >>> [apiv2][body] POST https://iam.googleapis.com/v1/projects/third--space/serviceAccounts/third--space@appspot.gserviceaccount.com:testIamPermissions {"permissions":["iam.serviceAccounts.actAs"]}
[debug] [2025-03-21T14:42:16.266Z] <<< [apiv2][status] POST https://iam.googleapis.com/v1/projects/third--space/serviceAccounts/third--space@appspot.gserviceaccount.com:testIamPermissions 200
[debug] [2025-03-21T14:42:16.266Z] <<< [apiv2][body] POST https://iam.googleapis.com/v1/projects/third--space/serviceAccounts/third--space@appspot.gserviceaccount.com:testIamPermissions {"permissions":["iam.serviceAccounts.actAs"]}
[debug] [2025-03-21T14:42:16.267Z] Checked if tokens are valid: true, expires at: 1742571734003
[debug] [2025-03-21T14:42:16.267Z] Checked if tokens are valid: true, expires at: 1742571734003
[debug] [2025-03-21T14:42:16.267Z] >>> [apiv2][query] GET https://firebase.googleapis.com/v1beta1/projects/third--space [none]
[debug] [2025-03-21T14:42:16.619Z] <<< [apiv2][status] GET https://firebase.googleapis.com/v1beta1/projects/third--space 200
[debug] [2025-03-21T14:42:16.619Z] <<< [apiv2][body] GET https://firebase.googleapis.com/v1beta1/projects/third--space {"projectId":"third--space","projectNumber":"99453910780","displayName":"ThirdSpace","name":"projects/third--space","resources":{"hostingSite":"third--space","realtimeDatabaseInstance":"third--space-default-rtdb","locationId":"europe-west"},"state":"ACTIVE","etag":"1_08f996db-7fc9-4feb-a8fb-0946d7dbf78c"}
[info] 
[info] === Deploying to 'third--space'...
[info] 
[info] i  deploying functions, hosting 
[debug] [2025-03-21T14:42:16.623Z] Checked if tokens are valid: true, expires at: 1742571734003
[debug] [2025-03-21T14:42:16.623Z] Checked if tokens are valid: true, expires at: 1742571734003
[debug] [2025-03-21T14:42:16.623Z] >>> [apiv2][query] GET https://cloudresourcemanager.googleapis.com/v1/projects/third--space [none]
[debug] [2025-03-21T14:42:16.793Z] <<< [apiv2][status] GET https://cloudresourcemanager.googleapis.com/v1/projects/third--space 200
[debug] [2025-03-21T14:42:16.793Z] <<< [apiv2][body] GET https://cloudresourcemanager.googleapis.com/v1/projects/third--space {"projectNumber":"99453910780","projectId":"third--space","lifecycleState":"ACTIVE","name":"ThirdSpace","labels":{"firebase":"enabled"},"createTime":"2023-12-06T10:59:40.282585Z"}
[info] i  functions: preparing codebase default for deployment 
[info] i  functions: ensuring required API cloudfunctions.googleapis.com is enabled... 
[debug] [2025-03-21T14:42:16.795Z] Checked if tokens are valid: true, expires at: 1742571734003
[debug] [2025-03-21T14:42:16.795Z] Checked if tokens are valid: true, expires at: 1742571734003
[debug] [2025-03-21T14:42:16.795Z] Checked if tokens are valid: true, expires at: 1742571734003
[debug] [2025-03-21T14:42:16.795Z] Checked if tokens are valid: true, expires at: 1742571734003
[info] i  functions: ensuring required API cloudbuild.googleapis.com is enabled... 
[debug] [2025-03-21T14:42:16.795Z] Checked if tokens are valid: true, expires at: 1742571734003
[debug] [2025-03-21T14:42:16.796Z] Checked if tokens are valid: true, expires at: 1742571734003
[info] i  artifactregistry: ensuring required API artifactregistry.googleapis.com is enabled... 
[debug] [2025-03-21T14:42:16.796Z] Checked if tokens are valid: true, expires at: 1742571734003
[debug] [2025-03-21T14:42:16.796Z] Checked if tokens are valid: true, expires at: 1742571734003
[debug] [2025-03-21T14:42:16.796Z] >>> [apiv2][query] GET https://serviceusage.googleapis.com/v1/projects/third--space/services/cloudfunctions.googleapis.com [none]
[debug] [2025-03-21T14:42:16.796Z] >>> [apiv2][(partial)header] GET https://serviceusage.googleapis.com/v1/projects/third--space/services/cloudfunctions.googleapis.com x-goog-quota-user=projects/third--space
[debug] [2025-03-21T14:42:16.797Z] >>> [apiv2][query] GET https://serviceusage.googleapis.com/v1/projects/third--space/services/runtimeconfig.googleapis.com [none]
[debug] [2025-03-21T14:42:16.797Z] >>> [apiv2][(partial)header] GET https://serviceusage.googleapis.com/v1/projects/third--space/services/runtimeconfig.googleapis.com x-goog-quota-user=projects/third--space
[debug] [2025-03-21T14:42:16.798Z] >>> [apiv2][query] GET https://serviceusage.googleapis.com/v1/projects/third--space/services/cloudbuild.googleapis.com [none]
[debug] [2025-03-21T14:42:16.798Z] >>> [apiv2][(partial)header] GET https://serviceusage.googleapis.com/v1/projects/third--space/services/cloudbuild.googleapis.com x-goog-quota-user=projects/third--space
[debug] [2025-03-21T14:42:16.798Z] >>> [apiv2][query] GET https://serviceusage.googleapis.com/v1/projects/third--space/services/artifactregistry.googleapis.com [none]
[debug] [2025-03-21T14:42:16.798Z] >>> [apiv2][(partial)header] GET https://serviceusage.googleapis.com/v1/projects/third--space/services/artifactregistry.googleapis.com x-goog-quota-user=projects/third--space
[debug] [2025-03-21T14:42:17.617Z] <<< [apiv2][status] GET https://serviceusage.googleapis.com/v1/projects/third--space/services/runtimeconfig.googleapis.com 200
[debug] [2025-03-21T14:42:17.617Z] <<< [apiv2][body] GET https://serviceusage.googleapis.com/v1/projects/third--space/services/runtimeconfig.googleapis.com [omitted]
[debug] [2025-03-21T14:42:17.617Z] <<< [apiv2][status] GET https://serviceusage.googleapis.com/v1/projects/third--space/services/cloudbuild.googleapis.com 200
[debug] [2025-03-21T14:42:17.618Z] <<< [apiv2][body] GET https://serviceusage.googleapis.com/v1/projects/third--space/services/cloudbuild.googleapis.com [omitted]
[info] +  functions: required API cloudbuild.googleapis.com is enabled 
[debug] [2025-03-21T14:42:17.620Z] <<< [apiv2][status] GET https://serviceusage.googleapis.com/v1/projects/third--space/services/artifactregistry.googleapis.com 200
[debug] [2025-03-21T14:42:17.620Z] <<< [apiv2][body] GET https://serviceusage.googleapis.com/v1/projects/third--space/services/artifactregistry.googleapis.com [omitted]
[info] +  artifactregistry: required API artifactregistry.googleapis.com is enabled 
[debug] [2025-03-21T14:42:17.622Z] <<< [apiv2][status] GET https://serviceusage.googleapis.com/v1/projects/third--space/services/cloudfunctions.googleapis.com 200
[debug] [2025-03-21T14:42:17.622Z] <<< [apiv2][body] GET https://serviceusage.googleapis.com/v1/projects/third--space/services/cloudfunctions.googleapis.com [omitted]
[info] +  functions: required API cloudfunctions.googleapis.com is enabled 
[debug] [2025-03-21T14:42:17.623Z] Checked if tokens are valid: true, expires at: 1742571734003
[debug] [2025-03-21T14:42:17.623Z] Checked if tokens are valid: true, expires at: 1742571734003
[debug] [2025-03-21T14:42:17.623Z] >>> [apiv2][query] GET https://firebase.googleapis.com/v1beta1/projects/third--space/adminSdkConfig [none]
[debug] [2025-03-21T14:42:18.036Z] <<< [apiv2][status] GET https://firebase.googleapis.com/v1beta1/projects/third--space/adminSdkConfig 200
[debug] [2025-03-21T14:42:18.036Z] <<< [apiv2][body] GET https://firebase.googleapis.com/v1beta1/projects/third--space/adminSdkConfig {"projectId":"third--space","databaseURL":"https://third--space-default-rtdb.firebaseio.com","storageBucket":"third--space.appspot.com","locationId":"europe-west"}
[debug] [2025-03-21T14:42:18.036Z] Checked if tokens are valid: true, expires at: 1742571734003
[debug] [2025-03-21T14:42:18.036Z] Checked if tokens are valid: true, expires at: 1742571734003
[debug] [2025-03-21T14:42:18.036Z] >>> [apiv2][query] GET https://runtimeconfig.googleapis.com/v1beta1/projects/third--space/configs [none]
[debug] [2025-03-21T14:42:18.277Z] <<< [apiv2][status] GET https://runtimeconfig.googleapis.com/v1beta1/projects/third--space/configs 200
[debug] [2025-03-21T14:42:18.277Z] <<< [apiv2][body] GET https://runtimeconfig.googleapis.com/v1beta1/projects/third--space/configs {"configs":[{"name":"projects/third--space/configs/ud"},{"name":"projects/third--space/configs/coinbase"},{"name":"projects/third--space/configs/gmail"},{"name":"projects/third--space/configs/pinata"}]}
[debug] [2025-03-21T14:42:18.277Z] Checked if tokens are valid: true, expires at: 1742571734003
[debug] [2025-03-21T14:42:18.277Z] Checked if tokens are valid: true, expires at: 1742571734003
[debug] [2025-03-21T14:42:18.277Z] Checked if tokens are valid: true, expires at: 1742571734003
[debug] [2025-03-21T14:42:18.277Z] Checked if tokens are valid: true, expires at: 1742571734003
[debug] [2025-03-21T14:42:18.278Z] Checked if tokens are valid: true, expires at: 1742571734003
[debug] [2025-03-21T14:42:18.278Z] Checked if tokens are valid: true, expires at: 1742571734003
[debug] [2025-03-21T14:42:18.278Z] Checked if tokens are valid: true, expires at: 1742571734003
[debug] [2025-03-21T14:42:18.278Z] Checked if tokens are valid: true, expires at: 1742571734003
[debug] [2025-03-21T14:42:18.278Z] >>> [apiv2][query] GET https://runtimeconfig.googleapis.com/v1beta1/projects/third--space/configs/ud/variables [none]
[debug] [2025-03-21T14:42:18.278Z] >>> [apiv2][query] GET https://runtimeconfig.googleapis.com/v1beta1/projects/third--space/configs/coinbase/variables [none]
[debug] [2025-03-21T14:42:18.279Z] >>> [apiv2][query] GET https://runtimeconfig.googleapis.com/v1beta1/projects/third--space/configs/gmail/variables [none]
[debug] [2025-03-21T14:42:18.281Z] >>> [apiv2][query] GET https://runtimeconfig.googleapis.com/v1beta1/projects/third--space/configs/pinata/variables [none]
[debug] [2025-03-21T14:42:18.471Z] <<< [apiv2][status] GET https://runtimeconfig.googleapis.com/v1beta1/projects/third--space/configs/ud/variables 200
[debug] [2025-03-21T14:42:18.471Z] <<< [apiv2][body] GET https://runtimeconfig.googleapis.com/v1beta1/projects/third--space/configs/ud/variables {"variables":[{"name":"projects/third--space/configs/ud/variables/jwt","updateTime":"2025-03-14T14:51:30.701519186Z"}]}
[debug] [2025-03-21T14:42:18.471Z] Checked if tokens are valid: true, expires at: 1742571734003
[debug] [2025-03-21T14:42:18.471Z] Checked if tokens are valid: true, expires at: 1742571734003
[debug] [2025-03-21T14:42:18.472Z] >>> [apiv2][query] GET https://runtimeconfig.googleapis.com/v1beta1/projects/third--space/configs/ud/variables/jwt [none]
[debug] [2025-03-21T14:42:18.496Z] <<< [apiv2][status] GET https://runtimeconfig.googleapis.com/v1beta1/projects/third--space/configs/gmail/variables 200
[debug] [2025-03-21T14:42:18.496Z] <<< [apiv2][body] GET https://runtimeconfig.googleapis.com/v1beta1/projects/third--space/configs/gmail/variables {"variables":[{"name":"projects/third--space/configs/gmail/variables/email","updateTime":"2024-05-18T10:09:12.342618897Z"},{"name":"projects/third--space/configs/gmail/variables/password","updateTime":"2024-05-18T11:18:18.029530431Z"},{"name":"projects/third--space/configs/gmail/variables/private_key","updateTime":"2024-05-18T11:32:55.897304946Z"},{"name":"projects/third--space/configs/gmail/variables/client_email","updateTime":"2024-05-18T11:32:51.725055700Z"}]}
[debug] [2025-03-21T14:42:18.496Z] Checked if tokens are valid: true, expires at: 1742571734003
[debug] [2025-03-21T14:42:18.496Z] Checked if tokens are valid: true, expires at: 1742571734003
[debug] [2025-03-21T14:42:18.496Z] Checked if tokens are valid: true, expires at: 1742571734003
[debug] [2025-03-21T14:42:18.496Z] Checked if tokens are valid: true, expires at: 1742571734003
[debug] [2025-03-21T14:42:18.496Z] Checked if tokens are valid: true, expires at: 1742571734003
[debug] [2025-03-21T14:42:18.496Z] Checked if tokens are valid: true, expires at: 1742571734003
[debug] [2025-03-21T14:42:18.496Z] Checked if tokens are valid: true, expires at: 1742571734003
[debug] [2025-03-21T14:42:18.496Z] Checked if tokens are valid: true, expires at: 1742571734003
[debug] [2025-03-21T14:42:18.496Z] >>> [apiv2][query] GET https://runtimeconfig.googleapis.com/v1beta1/projects/third--space/configs/gmail/variables/email [none]
[debug] [2025-03-21T14:42:18.497Z] >>> [apiv2][query] GET https://runtimeconfig.googleapis.com/v1beta1/projects/third--space/configs/gmail/variables/password [none]
[debug] [2025-03-21T14:42:18.498Z] >>> [apiv2][query] GET https://runtimeconfig.googleapis.com/v1beta1/projects/third--space/configs/gmail/variables/private_key [none]
[debug] [2025-03-21T14:42:18.499Z] >>> [apiv2][query] GET https://runtimeconfig.googleapis.com/v1beta1/projects/third--space/configs/gmail/variables/client_email [none]
[debug] [2025-03-21T14:42:18.502Z] <<< [apiv2][status] GET https://runtimeconfig.googleapis.com/v1beta1/projects/third--space/configs/coinbase/variables 200
[debug] [2025-03-21T14:42:18.502Z] <<< [apiv2][body] GET https://runtimeconfig.googleapis.com/v1beta1/projects/third--space/configs/coinbase/variables {"variables":[{"name":"projects/third--space/configs/coinbase/variables/api_key","updateTime":"2024-08-26T23:57:36.753763013Z"}]}
[debug] [2025-03-21T14:42:18.503Z] Checked if tokens are valid: true, expires at: 1742571734003
[debug] [2025-03-21T14:42:18.503Z] Checked if tokens are valid: true, expires at: 1742571734003
[debug] [2025-03-21T14:42:18.503Z] >>> [apiv2][query] GET https://runtimeconfig.googleapis.com/v1beta1/projects/third--space/configs/coinbase/variables/api_key [none]
[debug] [2025-03-21T14:42:18.612Z] <<< [apiv2][status] GET https://runtimeconfig.googleapis.com/v1beta1/projects/third--space/configs/pinata/variables 200
[debug] [2025-03-21T14:42:18.612Z] <<< [apiv2][body] GET https://runtimeconfig.googleapis.com/v1beta1/projects/third--space/configs/pinata/variables {"variables":[{"name":"projects/third--space/configs/pinata/variables/api_secret","updateTime":"2025-03-03T23:12:56.816035945Z"},{"name":"projects/third--space/configs/pinata/variables/secret_api_key","updateTime":"2024-09-04T05:35:14.895252543Z"},{"name":"projects/third--space/configs/pinata/variables/api_key","updateTime":"2025-03-03T23:12:56.701392807Z"}]}
[debug] [2025-03-21T14:42:18.612Z] Checked if tokens are valid: true, expires at: 1742571734003
[debug] [2025-03-21T14:42:18.612Z] Checked if tokens are valid: true, expires at: 1742571734003
[debug] [2025-03-21T14:42:18.612Z] Checked if tokens are valid: true, expires at: 1742571734003
[debug] [2025-03-21T14:42:18.612Z] Checked if tokens are valid: true, expires at: 1742571734003
[debug] [2025-03-21T14:42:18.612Z] Checked if tokens are valid: true, expires at: 1742571734003
[debug] [2025-03-21T14:42:18.612Z] Checked if tokens are valid: true, expires at: 1742571734003
[debug] [2025-03-21T14:42:18.612Z] >>> [apiv2][query] GET https://runtimeconfig.googleapis.com/v1beta1/projects/third--space/configs/pinata/variables/api_secret [none]
[debug] [2025-03-21T14:42:18.612Z] >>> [apiv2][query] GET https://runtimeconfig.googleapis.com/v1beta1/projects/third--space/configs/pinata/variables/secret_api_key [none]
[debug] [2025-03-21T14:42:18.613Z] >>> [apiv2][query] GET https://runtimeconfig.googleapis.com/v1beta1/projects/third--space/configs/pinata/variables/api_key [none]
[debug] [2025-03-21T14:42:18.641Z] <<< [apiv2][status] GET https://runtimeconfig.googleapis.com/v1beta1/projects/third--space/configs/ud/variables/jwt 200
[debug] [2025-03-21T14:42:18.641Z] <<< [apiv2][body] GET https://runtimeconfig.googleapis.com/v1beta1/projects/third--space/configs/ud/variables/jwt {"name":"projects/third--space/configs/ud/variables/jwt","updateTime":"2025-03-14T14:51:30.701519186Z","text":"eyJhbGciOiJIUzI1NiIsInR5cCI6IkpXVCJ9.eyJtZXRhIjp7ImRvbWFpbiI6InRlc3QuZG9tYWluIn0sIm5vbmNlIjoiVERDOUZEIiwiaWF0IjoxNzE4MjgyNDQzLCJpc3MiOiJ1YXV0aCIsInN1YiI6InRlc3QxLmRvbWFpbiJ9.tXuHUczDzkTqmwkUhC2I16nWjiHnFOKRBsnzrMWOctk"}
[debug] [2025-03-21T14:42:18.690Z] <<< [apiv2][status] GET https://runtimeconfig.googleapis.com/v1beta1/projects/third--space/configs/gmail/variables/private_key 200
[debug] [2025-03-21T14:42:18.690Z] <<< [apiv2][body] GET https://runtimeconfig.googleapis.com/v1beta1/projects/third--space/configs/gmail/variables/private_key {"name":"projects/third--space/configs/gmail/variables/private_key","updateTime":"2024-05-18T11:32:55.897304946Z","text":"-----BEGIN PRIVATE KEY-----\\nMIIEvAIBADANBgkqhkiG9w0BAQEFAASCBKYwggSiAgEAAoIBAQCmMzSSy/yd8Elq\\n3eYtA7LGM4LU9bCaGTjUVdQ5Ke1tXGTzcr7fY3malFnPcjeMdsoTYQ4CpJx6taUt\\n3qV2Ua6anijL/OU25zcZm+aP1NHP4GPaoZpyCjykbt005OnSWUm23svH5r1v8GBZ\\njAfV+LS1ZZjuINDbZTkHg2/1V3oCXEfnvcNJbdJjcET5yCWt2PZfDcVlrSHhkooY\\ng8e8MkE2D0DHT2nb+bCzMm0xpuJTVODPyEv88kGTqN0ePwkFG18yVJ0Glz9dqrks\\npOVQtq5Ke1+VKd0Q/ThWgxrAMT7wbm70Ymmxz5P/UO+P89Z/EgxpCcMQTAm59woT\\n8PHfxns5AgMBAAECggEAFrm5Nlpkri7xRwbVBrIzA4V/HgIDVirdObGLvY5FXBcO\\nabh2r4KBWfjvh91ZCaCjlH9IpGVgTSohzjIbw2A7ZQJ71xq7N+TpRJvr7J5f2xIW\\nbUp8HRxXuu862ZT0gPH7EaGI0Up0fEYs0onCd4hUo1ojTWpYzKscX3HiQPSnZwOA\\n9p3d9yPoH5Wfc11P/N6ZBO/bqBzCkZqP1u4ONfYBLXiEUiuRqYITkEYmRg0uLgw8\\npftRZzSvlHjd92cNRqC++4I9CNFaRNBX0G24LEfBoqLP0PYJurGusJyTa7ArMJZX\\ngnmW8gAZIKJO1v4rpp2oIy2qNi89xSgFoJL8SqznNQKBgQDoJzfT6eVwdvJ8fuf8\\nXiHIBnnB9lhAbQT1yhPC+zQjNz6UebJ2Nn90d9eH34RD7dcPso5K/cUHfaSDrdxd\\nD6S5xPcPNVD4xhzarIkC7plbADjqQ8MMShmGE3Oze1PKahgpKqdqV5vxGINfUQMs\\nqlsyZUH/iEbpzoBJHP6p5vnLhQKBgQC3RajSGTXi8Rc/FdFjmu5iN2LlayJwj4Ys\\nwb0gDoaSn2bFuQ0elMBm6nenmi8CqWJmmfIjfcVP0kGr0AsB5hubEkWXgA988acX\\nLXgwoSaP65/TP0BNGloMJBmJafFrj8GXMGRRqOO1RzD+QfQjK4sZuZFYkJlG2Ilo\\nSAn9IoYdJQKBgDa294t0duT4w9HfvyFVtjSEgjHas5YLm72qMNolhnY+UPuBazQ9\\nR/DVRfD6FxxDdAp5FNxLzyIi1KFMWsF8LGC0MV5ePIVFfAt12pzcSzyNYtyjt9av\\nqDBXaU+F44uzUZpyOR7xIwnBs0TFvS/Lvs6z2sg1ADGev9F7ifHVRE5ZAoGATGb8\\n1wFthntNXp5A2U5IXKeMUenUxKoAnH3z0v5bOZq8JGddwcbvYrgSQ8uyF2D3xaAd\\n4o/XBsy3VeH4BMWh8oauflcDnem755ysA1HbGpp22YD/1GTM70zJXJDO9TFL2jRx\\nTd2jd/oCwaxLE7JeXc4PeqVlULSKq++EQoP29wUCgYAa9Xexn94RKQ27duAAYDgO\\n6MxgIuCafyQTDkgmseh5dh1fgSU6wubV7nUf/wbqz8/ROrYA5EpNUKC9aXCjSt2s\\nr66rm8nRCUken9xISmTKNBL6+F6v84u3yWPniA9cPrrTudM7Uh5QkUM/u0g2/u/+\\nXktVATXDKur5lJLuiM+HAg==\\n-----END PRIVATE KEY-----\\n"}
[debug] [2025-03-21T14:42:18.698Z] <<< [apiv2][status] GET https://runtimeconfig.googleapis.com/v1beta1/projects/third--space/configs/coinbase/variables/api_key 200
[debug] [2025-03-21T14:42:18.698Z] <<< [apiv2][body] GET https://runtimeconfig.googleapis.com/v1beta1/projects/third--space/configs/coinbase/variables/api_key {"name":"projects/third--space/configs/coinbase/variables/api_key","updateTime":"2024-08-26T23:57:36.753763013Z","text":"4918c43d-ce67-4ea3-aa44-d6a08ad16952"}
[debug] [2025-03-21T14:42:18.707Z] <<< [apiv2][status] GET https://runtimeconfig.googleapis.com/v1beta1/projects/third--space/configs/gmail/variables/password 200
[debug] [2025-03-21T14:42:18.707Z] <<< [apiv2][body] GET https://runtimeconfig.googleapis.com/v1beta1/projects/third--space/configs/gmail/variables/password {"name":"projects/third--space/configs/gmail/variables/password","updateTime":"2024-05-18T11:18:18.029530431Z","text":"rgyz cwaf dyuh qlvw"}
[debug] [2025-03-21T14:42:18.743Z] <<< [apiv2][status] GET https://runtimeconfig.googleapis.com/v1beta1/projects/third--space/configs/gmail/variables/client_email 200
[debug] [2025-03-21T14:42:18.743Z] <<< [apiv2][body] GET https://runtimeconfig.googleapis.com/v1beta1/projects/third--space/configs/gmail/variables/client_email {"name":"projects/third--space/configs/gmail/variables/client_email","updateTime":"2024-05-18T11:32:51.725055700Z","text":"third--space@appspot.gserviceaccount.com"}
[debug] [2025-03-21T14:42:18.773Z] <<< [apiv2][status] GET https://runtimeconfig.googleapis.com/v1beta1/projects/third--space/configs/pinata/variables/api_secret 200
[debug] [2025-03-21T14:42:18.773Z] <<< [apiv2][body] GET https://runtimeconfig.googleapis.com/v1beta1/projects/third--space/configs/pinata/variables/api_secret {"name":"projects/third--space/configs/pinata/variables/api_secret","updateTime":"2025-03-03T23:12:56.816035945Z","text":"5851022617ebc5f9519c6bfc9ae23c9c6e7d3b12b7c823f30bad62b920609090"}
[debug] [2025-03-21T14:42:18.810Z] <<< [apiv2][status] GET https://runtimeconfig.googleapis.com/v1beta1/projects/third--space/configs/pinata/variables/secret_api_key 200
[debug] [2025-03-21T14:42:18.810Z] <<< [apiv2][body] GET https://runtimeconfig.googleapis.com/v1beta1/projects/third--space/configs/pinata/variables/secret_api_key {"name":"projects/third--space/configs/pinata/variables/secret_api_key","updateTime":"2024-09-04T05:35:14.895252543Z","text":"535016dae3053c299e215559b998d534962b64771d4bd0dd44532dfe7a0ab990"}
[debug] [2025-03-21T14:42:18.810Z] <<< [apiv2][status] GET https://runtimeconfig.googleapis.com/v1beta1/projects/third--space/configs/pinata/variables/api_key 200
[debug] [2025-03-21T14:42:18.810Z] <<< [apiv2][body] GET https://runtimeconfig.googleapis.com/v1beta1/projects/third--space/configs/pinata/variables/api_key {"name":"projects/third--space/configs/pinata/variables/api_key","updateTime":"2025-03-03T23:12:56.701392807Z","text":"d21f3e5c2afeb19106d7"}
[debug] [2025-03-21T14:42:19.013Z] <<< [apiv2][status] GET https://runtimeconfig.googleapis.com/v1beta1/projects/third--space/configs/gmail/variables/email 200
[debug] [2025-03-21T14:42:19.013Z] <<< [apiv2][body] GET https://runtimeconfig.googleapis.com/v1beta1/projects/third--space/configs/gmail/variables/email {"name":"projects/third--space/configs/gmail/variables/email","updateTime":"2024-05-18T10:09:12.342618897Z","text":"3space.contact@gmail.com"}
[debug] [2025-03-21T14:42:19.056Z] Validating nodejs source
[debug] [2025-03-21T14:42:20.617Z] > [functions] package.json contents: {
  "name": "functions",
  "description": "Cloud Functions for Firebase",
  "scripts": {
    "lint": "eslint .",
    "serve": "firebase emulators:start --only functions",
    "shell": "firebase functions:shell",
    "start": "npm run shell",
    "deploy": "firebase deploy --only functions",
    "logs": "firebase functions:log"
  },
  "engines": {
    "node": "22"
  },
  "main": "index.js",
  "dependencies": {
    "@solana/web3.js": "^1.98.0",
    "cors": "^2.8.5",
    "firebase-admin": "^12.6.0",
    "firebase-functions": "^6.3.2",
    "multer": "^1.4.5-lts.1",
    "node-fetch": "^2.7.0",
    "nodemailer": "^6.10.0",
    "tweetnacl": "^1.0.3"
  },
  "devDependencies": {
    "eslint-config-google": "^0.14.0",
    "firebase-functions-test": "^3.1.0"
  },
  "private": true
}
[debug] [2025-03-21T14:42:20.617Z] Building nodejs source
[info] i  functions: Loading and analyzing source code for codebase default to determine what to deploy 
[debug] [2025-03-21T14:42:20.619Z] Could not find functions.yaml. Must use http discovery
[debug] [2025-03-21T14:42:20.627Z] Found firebase-functions binary at 'D:\GitHub\FolderTestCode\libraryelements\functions\node_modules\.bin\firebase-functions'
[info] Serving at port 8533

[error] bigint: Failed to load bindings, pure JS will be used (try npm run rebuild?)

[debug] [2025-03-21T14:42:25.507Z] Got response from /__/functions.yaml {"endpoints":{"sendSupportEmail":{"availableMemoryMb":null,"timeoutSeconds":null,"minInstances":null,"maxInstances":null,"ingressSettings":null,"concurrency":null,"serviceAccountEmail":null,"vpc":null,"platform":"gcfv2","secretEnvironmentVariables":[{"key":"EMAIL_USER"},{"key":"EMAIL_PASS"}],"labels":{},"httpsTrigger":{"invoker":["public"]},"entryPoint":"sendSupportEmail"},"reverseLookup":{"availableMemoryMb":null,"timeoutSeconds":null,"minInstances":null,"maxInstances":null,"ingressSettings":null,"concurrency":null,"serviceAccountEmail":null,"vpc":null,"platform":"gcfv2","secretEnvironmentVariables":[{"key":"UD_JWT"}],"labels":{},"httpsTrigger":{"invoker":["public"]},"entryPoint":"reverseLookup"},"verifyPhantom":{"availableMemoryMb":null,"timeoutSeconds":null,"minInstances":null,"maxInstances":null,"ingressSettings":null,"concurrency":null,"serviceAccountEmail":null,"vpc":null,"platform":"gcfv2","region":["us-central1"],"labels":{},"httpsTrigger":{"invoker":["public"]},"entryPoint":"verifyPhantom"}},"specVersion":"v1alpha1","requiredAPIs":[],"extensions":{},"params":[{"type":"secret","name":"UD_JWT"},{"type":"secret","name":"EMAIL_USER"},{"type":"secret","name":"EMAIL_PASS"}]}
[info] i  extensions: ensuring required API firebaseextensions.googleapis.com is enabled... 
[debug] [2025-03-21T14:42:30.544Z] Checked if tokens are valid: true, expires at: 1742571734003
[debug] [2025-03-21T14:42:30.544Z] Checked if tokens are valid: true, expires at: 1742571734003
[debug] [2025-03-21T14:42:30.544Z] >>> [apiv2][query] GET https://serviceusage.googleapis.com/v1/projects/third--space/services/firebaseextensions.googleapis.com [none]
[debug] [2025-03-21T14:42:30.544Z] >>> [apiv2][(partial)header] GET https://serviceusage.googleapis.com/v1/projects/third--space/services/firebaseextensions.googleapis.com x-goog-quota-user=projects/third--space
[debug] [2025-03-21T14:42:31.345Z] <<< [apiv2][status] GET https://serviceusage.googleapis.com/v1/projects/third--space/services/firebaseextensions.googleapis.com 200
[debug] [2025-03-21T14:42:31.345Z] <<< [apiv2][body] GET https://serviceusage.googleapis.com/v1/projects/third--space/services/firebaseextensions.googleapis.com [omitted]
[info] +  extensions: required API firebaseextensions.googleapis.com is enabled 
[debug] [2025-03-21T14:42:31.345Z] > command requires scopes: ["email","openid","https://www.googleapis.com/auth/cloudplatformprojects.readonly","https://www.googleapis.com/auth/firebase","https://www.googleapis.com/auth/cloud-platform"]
[debug] [2025-03-21T14:42:31.346Z] > authorizing via signed-in user (3space.contact@gmail.com)
[debug] [2025-03-21T14:42:31.346Z] [iam] checking project third--space for permissions ["firebase.projects.get","firebaseextensions.instances.list"]
[debug] [2025-03-21T14:42:31.346Z] Checked if tokens are valid: true, expires at: 1742571734003
[debug] [2025-03-21T14:42:31.346Z] Checked if tokens are valid: true, expires at: 1742571734003
[debug] [2025-03-21T14:42:31.346Z] >>> [apiv2][query] POST https://cloudresourcemanager.googleapis.com/v1/projects/third--space:testIamPermissions [none]
[debug] [2025-03-21T14:42:31.346Z] >>> [apiv2][(partial)header] POST https://cloudresourcemanager.googleapis.com/v1/projects/third--space:testIamPermissions x-goog-quota-user=projects/third--space
[debug] [2025-03-21T14:42:31.346Z] >>> [apiv2][body] POST https://cloudresourcemanager.googleapis.com/v1/projects/third--space:testIamPermissions {"permissions":["firebase.projects.get","firebaseextensions.instances.list"]}
[debug] [2025-03-21T14:42:31.969Z] <<< [apiv2][status] POST https://cloudresourcemanager.googleapis.com/v1/projects/third--space:testIamPermissions 200
[debug] [2025-03-21T14:42:31.969Z] <<< [apiv2][body] POST https://cloudresourcemanager.googleapis.com/v1/projects/third--space:testIamPermissions {"permissions":["firebase.projects.get","firebaseextensions.instances.list"]}
[debug] [2025-03-21T14:42:31.970Z] Checked if tokens are valid: true, expires at: 1742571734003
[debug] [2025-03-21T14:42:31.970Z] Checked if tokens are valid: true, expires at: 1742571734003
[debug] [2025-03-21T14:42:31.970Z] >>> [apiv2][query] GET https://firebaseextensions.googleapis.com/v1beta/projects/third--space/instances pageSize=100&pageToken=
[debug] [2025-03-21T14:42:32.707Z] <<< [apiv2][status] GET https://firebaseextensions.googleapis.com/v1beta/projects/third--space/instances 200
[debug] [2025-03-21T14:42:32.707Z] <<< [apiv2][body] GET https://firebaseextensions.googleapis.com/v1beta/projects/third--space/instances {}
[debug] [2025-03-21T14:42:32.708Z] Checked if tokens are valid: true, expires at: 1742571734003
[debug] [2025-03-21T14:42:32.708Z] Checked if tokens are valid: true, expires at: 1742571734003
[debug] [2025-03-21T14:42:32.708Z] >>> [apiv2][query] GET https://secretmanager.googleapis.com/v1/projects/third--space/secrets/UD_JWT [none]
[debug] [2025-03-21T14:42:32.927Z] <<< [apiv2][status] GET https://secretmanager.googleapis.com/v1/projects/third--space/secrets/UD_JWT 200
[debug] [2025-03-21T14:42:32.927Z] <<< [apiv2][body] GET https://secretmanager.googleapis.com/v1/projects/third--space/secrets/UD_JWT {"name":"projects/99453910780/secrets/UD_JWT","replication":{"automatic":{}},"createTime":"2025-03-14T15:03:29.679978Z","labels":{"firebase-managed":"functions"},"etag":"\"16304ebdc5726a\""}
[debug] [2025-03-21T14:42:32.928Z] Checked if tokens are valid: true, expires at: 1742571734003
[debug] [2025-03-21T14:42:32.928Z] Checked if tokens are valid: true, expires at: 1742571734003
[debug] [2025-03-21T14:42:32.928Z] >>> [apiv2][query] GET https://secretmanager.googleapis.com/v1/projects/third--space/secrets/UD_JWT/versions/latest [none]
[debug] [2025-03-21T14:42:33.088Z] <<< [apiv2][status] GET https://secretmanager.googleapis.com/v1/projects/third--space/secrets/UD_JWT/versions/latest 200
[debug] [2025-03-21T14:42:33.088Z] <<< [apiv2][body] GET https://secretmanager.googleapis.com/v1/projects/third--space/secrets/UD_JWT/versions/latest {"name":"projects/99453910780/secrets/UD_JWT/versions/3","createTime":"2025-03-14T15:23:12.427851Z","state":"ENABLED","replicationStatus":{"automatic":{}},"etag":"\"16304f0444bf4b\""}
[debug] [2025-03-21T14:42:33.089Z] Checked if tokens are valid: true, expires at: 1742571734003
[debug] [2025-03-21T14:42:33.089Z] Checked if tokens are valid: true, expires at: 1742571734003
[debug] [2025-03-21T14:42:33.089Z] >>> [apiv2][query] GET https://secretmanager.googleapis.com/v1/projects/third--space/secrets/EMAIL_USER [none]
[debug] [2025-03-21T14:42:33.242Z] <<< [apiv2][status] GET https://secretmanager.googleapis.com/v1/projects/third--space/secrets/EMAIL_USER 200
[debug] [2025-03-21T14:42:33.242Z] <<< [apiv2][body] GET https://secretmanager.googleapis.com/v1/projects/third--space/secrets/EMAIL_USER {"name":"projects/99453910780/secrets/EMAIL_USER","replication":{"automatic":{}},"createTime":"2025-03-18T13:20:22.691985Z","labels":{"firebase-managed":"functions"},"etag":"\"16309dc45d0091\""}
[debug] [2025-03-21T14:42:33.243Z] Checked if tokens are valid: true, expires at: 1742571734003
[debug] [2025-03-21T14:42:33.243Z] Checked if tokens are valid: true, expires at: 1742571734003
[debug] [2025-03-21T14:42:33.243Z] >>> [apiv2][query] GET https://secretmanager.googleapis.com/v1/projects/third--space/secrets/EMAIL_USER/versions/latest [none]
[debug] [2025-03-21T14:42:33.403Z] <<< [apiv2][status] GET https://secretmanager.googleapis.com/v1/projects/third--space/secrets/EMAIL_USER/versions/latest 200
[debug] [2025-03-21T14:42:33.403Z] <<< [apiv2][body] GET https://secretmanager.googleapis.com/v1/projects/third--space/secrets/EMAIL_USER/versions/latest {"name":"projects/99453910780/secrets/EMAIL_USER/versions/1","createTime":"2025-03-18T13:20:38.983163Z","state":"ENABLED","replicationStatus":{"automatic":{}},"etag":"\"16309dc55595fb\""}
[debug] [2025-03-21T14:42:33.403Z] Checked if tokens are valid: true, expires at: 1742571734003
[debug] [2025-03-21T14:42:33.403Z] Checked if tokens are valid: true, expires at: 1742571734003
[debug] [2025-03-21T14:42:33.404Z] >>> [apiv2][query] GET https://secretmanager.googleapis.com/v1/projects/third--space/secrets/EMAIL_PASS [none]
